# QUADRATIC FIT LOG
# DIMENSIONALITY = 2
# NUMBER OF POINTS = 169
# INTERCEPT:
0.559567248037217
# FIRST ORDER COEFFICIENTS:
-1.1322751540276104 +/- 0.075353530832636
0.13778613804801929 +/- 0.021283224287338635
# CROSS COEFFICIENTS:
(0,1) : 0.4645735171653338 +/- 0.08288491403686712
# SECOND ORDER COEFFICIENTS:
5.768756688622785 +/- 0.5877497899192622
-0.20601276511812017 +/- 0.017175305033088575

# ELLIPTIC OPTIMIZATION LOG
# INNER MINIMUM, INNER MAXIMUM:
0.4948010257000814, 0.5668330738454507
# LOCATION OF INNER MINIMUM:
[ 0.05689101  0.899735  ]
# LOCATION OF INNER MAXIMUM:
[ 0.01408357  0.47512755]
# OUTER MINIMUM, OUTER MAXIMUM:
0.4659058600753612, 0.5841717450143347
# LOCATION OF OUTER MINIMUM:
[ 0.05556654  1.02424726]
# LOCATION OF OUTER MAXIMUM:
[-0.00489372  0.45659042]

# ELLIPTIC MESH SAMPLING LOG
# NUMBER OF POINTS PER DIMENSION:
1000
# INNER MINIMUM, INNER MAXIMUM:
0.4948205046289135, 0.5668300608406416
# LOCATION OF INNER MINIMUM:
[ 0.05783784  0.8993994 ]
# LOCATION OF INNER MAXIMUM:
[ 0.01423423  0.47297297]
# OUTER MINIMUM, OUTER MAXIMUM:
0.49460161723053797, 0.5734397959401458
# LOCATION OF OUTER MINIMUM:
[ 0.06189189  0.9       ]
# LOCATION OF OUTER MAXIMUM:
[ 0.01        0.34564565]
